2024-03-25T19:45:47.854116-0300 INFO Chamando função 'pipeline_calcular_kpi_de_vendas_consolidado' com args ('data', ['csv', 'parquet']) e kwargs {} utils_log.py
2024-03-25T19:45:47.854725-0300 INFO Chamando função 'extrair_dados_e_consolidar' com args ('data',) e kwargs {} utils_log.py
2024-03-25T19:45:47.887449-0300 INFO Função 'extrair_dados_e_consolidar' retornou             Produto    Categoria  Quantidade  Venda        Data
0    Notebook Gamer  Eletrônicos           3   1500  2023-01-15
1     Mouse Sem Fio  Eletrônicos          10     30  2023-01-15
2  Teclado Mecânico  Eletrônicos           5    100  2023-01-15 utils_log.py
2024-03-25T19:45:47.893136-0300 INFO Chamando função 'calcular_kpi_de_total_de_vendas' com args (            Produto    Categoria  Quantidade  Venda        Data
0    Notebook Gamer  Eletrônicos           3   1500  2023-01-15
1     Mouse Sem Fio  Eletrônicos          10     30  2023-01-15
2  Teclado Mecânico  Eletrônicos           5    100  2023-01-15,) e kwargs {} utils_log.py
2024-03-25T19:45:47.901412-0300 INFO Função 'calcular_kpi_de_total_de_vendas' retornou             Produto    Categoria  Quantidade  Venda        Data  Total
0    Notebook Gamer  Eletrônicos           3   1500  2023-01-15   4500
1     Mouse Sem Fio  Eletrônicos          10     30  2023-01-15    300
2  Teclado Mecânico  Eletrônicos           5    100  2023-01-15    500 utils_log.py
2024-03-25T19:45:47.904061-0300 INFO Chamando função 'carregar_dados' com args (            Produto    Categoria  Quantidade  Venda        Data  Total
0    Notebook Gamer  Eletrônicos           3   1500  2023-01-15   4500
1     Mouse Sem Fio  Eletrônicos          10     30  2023-01-15    300
2  Teclado Mecânico  Eletrônicos           5    100  2023-01-15    500, ['csv', 'parquet']) e kwargs {} utils_log.py
2024-03-25T19:45:51.870706-0300 INFO Função 'carregar_dados' retornou None utils_log.py
2024-03-25T19:45:51.870706-0300 INFO Função 'pipeline_calcular_kpi_de_vendas_consolidado' retornou None utils_log.py
